Resum_Ministeris.CSV
N_22_E_V_2_R_1_202_1_108_1.CSV
N_22_E_V_2_R_1_202_1_114_1.CSV
N_22_E_V_2_R_1_202_1_115_1.CSV
N_22_E_V_2_R_1_202_1_116_1.CSV
N_22_E_V_2_R_1_202_1_117_1.CSV
N_22_E_V_2_R_1_202_1_119_1.CSV
N_22_E_V_2_R_1_202_1_120_1.CSV
N_22_E_V_2_R_1_202_1_123_1.CSV
N_22_E_V_2_R_1_202_1_124_1.CSV
N_22_E_V_2_R_1_202_1_128_1.CSV
ESTADO.CSV
OOAA.CSV
RESTOENT.CSV
SS_SS.CSV
Resum_SP_Admin.CSV
Detall_SP_Admin.CSV
Resum_SP_Emp.CSV
Detall_SP_Emp.CSV
SS_BCN.CSV
SS_TGN.CSV
SS_LLEIDA.CSV
SS_GIR.CSV
ORIGEN.xlsx
